Arguments: 
  C:\Program Files\nodejs\node.exe C:\Users\Manjesh Hembrom\AppData\Roaming\npm\node_modules\yarn\bin\yarn.js add -D prisma@3.1.1

PATH: 
  C:\Users\MANJES~1\AppData\Local\Temp\yarn--1632477258102-0.5297710925014598;C:\Users\Manjesh Hembrom\Desktop\React\blog\server\node_modules\.bin;C:\Users\Manjesh Hembrom\AppData\Local\Yarn\Data\link\node_modules\.bin;C:\Users\Manjesh Hembrom\AppData\Local\Yarn\bin;C:\Program Files\libexec\lib\node_modules\npm\bin\node-gyp-bin;C:\Program Files\lib\node_modules\npm\bin\node-gyp-bin;C:\Program Files\nodejs\node_modules\npm\bin\node-gyp-bin;C:\Windows\system32;C:\Windows;C:\Windows\System32\Wbem;C:\Windows\System32\WindowsPowerShell\v1.0\;C:\Windows\System32\OpenSSH\;C:\Program Files\Git\cmd;C:\Program Files\nodejs\;C:\Users\Manjesh Hembrom\AppData\Local\Microsoft\WindowsApps;C:\Users\Manjesh Hembrom\AppData\Roaming\npm;C:\Users\Manjesh Hembrom\AppData\Local\Programs\Microsoft VS Code\bin

Yarn version: 
  1.22.11

Node version: 
  14.17.6

Platform: 
  win32 x64

Trace: 
  Error: EPERM: operation not permitted, unlink 'C:\Users\Manjesh Hembrom\Desktop\React\blog\server\node_modules\prisma\query_engine-windows.dll.node'

npm manifest: 
  {
    "name": "server",
    "version": "1.0.0",
    "description": "Blog app",
    "main": "index.js",
    "author": "Manjesh Hembrom",
    "license": "MIT",
    "dependencies": {
      "prisma": "^3.1.1"
    }
  }

yarn manifest: 
  No manifest

Lockfile: 
  # THIS IS AN AUTOGENERATED FILE. DO NOT EDIT THIS FILE DIRECTLY.
  # yarn lockfile v1
  
  
  "@prisma/engines@3.1.0-24.c22652b7e418506fab23052d569b85d3aec4883f":
    version "3.1.0-24.c22652b7e418506fab23052d569b85d3aec4883f"
    resolved "https://registry.yarnpkg.com/@prisma/engines/-/engines-3.1.0-24.c22652b7e418506fab23052d569b85d3aec4883f.tgz#7b45708e6a42523dc9bc2214e5c62781f608dc3a"
    integrity sha512-6NEp0VlLho3hVtIvj2P4h0e19AYqQSXtFGts8gSIXDnV+l5pRFZaDMfGo2RiLMR0Kfrs8c3ZYxYX0sWmVL0tWw==
  
  prisma@^3.1.1:
    version "3.1.1"
    resolved "https://registry.yarnpkg.com/prisma/-/prisma-3.1.1.tgz#4c13c35dd3a58af9134008c8ed0fdc21a632802c"
    integrity sha512-+eZtWIL6hnOKUOvqq9WLBzSw2d/EbTmOx1Td1LI8/0XE40ctXMLG2N1p6NK5/+yivGaoNJ9PDpPsPL9lO4nJrQ==
    dependencies:
      "@prisma/engines" "3.1.0-24.c22652b7e418506fab23052d569b85d3aec4883f"
